android/app/build/intermediates/manifest_merge_blame_file/debug/processDebugMainManifest/manifest-merger-blame-debug-report.txt
1<?xml version="1.0" encoding="utf-8"?>
2<manifest xmlns:android="http://schemas.android.com/apk/res/android"
3    package="com.sensoryGuard.www"
4    android:versionCode="1"
5    android:versionName="1.0" >
6
7    <uses-sdk
8        android:minSdkVersion="23"
9        android:targetSdkVersion="35" />
10
11    <!-- Permissions -->
12
13    <uses-permission android:name="android.permission.INTERNET" />
13-->src\main\AndroidManifest.xml:41:5-67
13-->src\main\AndroidManifest.xml:41:22-64
14
15    <!-- Geolocation API -->
16    <uses-permission android:name="android.permission.ACCESS_COARSE_LOCATION" />
16-->src\main\AndroidManifest.xml:44:5-81
16-->src\main\AndroidManifest.xml:44:22-78
17    <uses-permission android:name="android.permission.ACCESS_FINE_LOCATION" />
17-->src\main\AndroidManifest.xml:45:5-79
17-->src\main\AndroidManifest.xml:45:22-76
18
19    <!-- Needed for Android 12 and Above -->
20    <uses-permission android:name="android.permission.SCHEDULE_EXACT_ALARM" />
20-->src\main\AndroidManifest.xml:48:5-79
20-->src\main\AndroidManifest.xml:48:22-76
21
22    <!-- Needed for Foreground Services -->
23    <uses-permission android:name="android.permission.FOREGROUND_SERVICE" />
23-->src\main\AndroidManifest.xml:51:5-76
23-->src\main\AndroidManifest.xml:51:22-74
24    <uses-permission android:name="android.permission.RECEIVE_BOOT_COMPLETED" />
24-->src\main\AndroidManifest.xml:52:5-81
24-->src\main\AndroidManifest.xml:52:22-78
25    <uses-permission android:name="android.permission.WAKE_LOCK" />
25-->[:anuradev-capacitor-background-mode] AndroidManifest.xml:7:5-68
25-->[:anuradev-capacitor-background-mode] AndroidManifest.xml:7:22-65
26    <uses-permission android:name="android.permission.FOREGROUND_SERVICE_SPECIAL_USE" />
26-->[:anuradev-capacitor-background-mode] AndroidManifest.xml:9:5-89
26-->[:anuradev-capacitor-background-mode] AndroidManifest.xml:9:22-86
27    <uses-permission android:name="android.permission.REQUEST_IGNORE_BATTERY_OPTIMIZATIONS" />
27-->[:anuradev-capacitor-background-mode] AndroidManifest.xml:10:5-95
27-->[:anuradev-capacitor-background-mode] AndroidManifest.xml:10:22-92
28    <uses-permission android:name="android.permission.SYSTEM_ALERT_WINDOW" />
28-->[:anuradev-capacitor-background-mode] AndroidManifest.xml:11:5-78
28-->[:anuradev-capacitor-background-mode] AndroidManifest.xml:11:22-75
29    <uses-permission android:name="android.permission.POST_NOTIFICATIONS" />
29-->[:anuradev-capacitor-background-mode] AndroidManifest.xml:12:5-77
29-->[:anuradev-capacitor-background-mode] AndroidManifest.xml:12:22-74
30    <uses-permission android:name="android.permission.ACCESS_NETWORK_STATE" />
30-->[:capacitor-background-runner] AndroidManifest.xml:7:5-79
30-->[:capacitor-background-runner] AndroidManifest.xml:7:22-76
31    <uses-permission android:name="android.permission.ACCESS_BACKGROUND_LOCATION" />
31-->[:capacitor-background-runner] AndroidManifest.xml:12:5-85
31-->[:capacitor-background-runner] AndroidManifest.xml:12:22-82
32
33    <permission
33-->[androidx.core:core:1.15.0] AndroidManifest.xml:22:5-24:47
34        android:name="com.sensoryGuard.www.DYNAMIC_RECEIVER_NOT_EXPORTED_PERMISSION"
34-->[androidx.core:core:1.15.0] AndroidManifest.xml:23:9-81
35        android:protectionLevel="signature" />
35-->[androidx.core:core:1.15.0] AndroidManifest.xml:24:9-44
36
37    <uses-permission android:name="com.sensoryGuard.www.DYNAMIC_RECEIVER_NOT_EXPORTED_PERMISSION" />
37-->[androidx.core:core:1.15.0] AndroidManifest.xml:26:5-97
37-->[androidx.core:core:1.15.0] AndroidManifest.xml:26:22-94
38
39    <application
39-->src\main\AndroidManifest.xml:3:5-37:19
40        android:allowBackup="true"
40-->src\main\AndroidManifest.xml:4:9-35
41        android:appComponentFactory="androidx.core.app.CoreComponentFactory"
41-->[androidx.core:core:1.15.0] AndroidManifest.xml:28:18-86
42        android:debuggable="true"
43        android:extractNativeLibs="false"
44        android:icon="@mipmap/ic_launcher"
44-->src\main\AndroidManifest.xml:5:9-43
45        android:label="@string/app_name"
45-->src\main\AndroidManifest.xml:6:9-41
46        android:roundIcon="@mipmap/ic_launcher_round"
46-->src\main\AndroidManifest.xml:7:9-54
47        android:supportsRtl="true"
47-->src\main\AndroidManifest.xml:8:9-35
48        android:testOnly="true"
49        android:theme="@style/AppTheme" >
49-->src\main\AndroidManifest.xml:9:9-40
50        <activity
50-->src\main\AndroidManifest.xml:10:9-21:20
51            android:name="com.sensoryGuard.www.MainActivity"
51-->src\main\AndroidManifest.xml:12:13-41
52            android:configChanges="orientation|keyboardHidden|keyboard|screenSize|locale|smallestScreenSize|screenLayout|uiMode|navigation"
52-->src\main\AndroidManifest.xml:11:13-140
53            android:exported="true"
53-->src\main\AndroidManifest.xml:16:13-36
54            android:label="@string/title_activity_main"
54-->src\main\AndroidManifest.xml:13:13-56
55            android:launchMode="singleTask"
55-->src\main\AndroidManifest.xml:15:13-44
56            android:theme="@style/AppTheme.NoActionBarLaunch" >
56-->src\main\AndroidManifest.xml:14:13-62
57            <intent-filter>
57-->src\main\AndroidManifest.xml:17:13-20:29
58                <action android:name="android.intent.action.MAIN" />
58-->src\main\AndroidManifest.xml:18:17-69
58-->src\main\AndroidManifest.xml:18:25-66
59
60                <category android:name="android.intent.category.LAUNCHER" />
60-->src\main\AndroidManifest.xml:19:17-77
60-->src\main\AndroidManifest.xml:19:27-74
61            </intent-filter>
62        </activity>
63
64        <provider
65            android:name="androidx.core.content.FileProvider"
65-->src\main\AndroidManifest.xml:24:13-62
66            android:authorities="com.sensoryGuard.www.fileprovider"
66-->src\main\AndroidManifest.xml:25:13-64
67            android:exported="false"
67-->src\main\AndroidManifest.xml:26:13-37
68            android:grantUriPermissions="true" >
68-->src\main\AndroidManifest.xml:27:13-47
69            <meta-data
69-->src\main\AndroidManifest.xml:28:13-112
70                android:name="android.support.FILE_PROVIDER_PATHS"
70-->src\main\AndroidManifest.xml:28:24-74
71                android:resource="@xml/file_paths" />
71-->src\main\AndroidManifest.xml:28:75-109
72        </provider>
73
74        <!-- Foreground Service Declaration -->
75        <service
75-->src\main\AndroidManifest.xml:32:9-35:39
76            android:name="com.sensoryGuard.www.BackgroundRunnerService"
76-->src\main\AndroidManifest.xml:33:13-52
77            android:exported="true"
77-->src\main\AndroidManifest.xml:35:13-36
78            android:foregroundServiceType="location|dataSync" />
78-->src\main\AndroidManifest.xml:34:13-62
79        <service
79-->[:anuradev-capacitor-background-mode] AndroidManifest.xml:15:9-23:19
80            android:name="ar.com.anura.plugins.backgroundmode.BackgroundModeService"
80-->[:anuradev-capacitor-background-mode] AndroidManifest.xml:16:13-85
81            android:enabled="true"
81-->[:anuradev-capacitor-background-mode] AndroidManifest.xml:17:13-35
82            android:exported="false"
82-->[:anuradev-capacitor-background-mode] AndroidManifest.xml:18:13-37
83            android:foregroundServiceType="specialUse" >
83-->[:anuradev-capacitor-background-mode] AndroidManifest.xml:19:13-55
84            <property
84-->[:anuradev-capacitor-background-mode] AndroidManifest.xml:20:13-22:181
85                android:name="android.app.PROPERTY_SPECIAL_USE_FGS_SUBTYPE"
85-->[:anuradev-capacitor-background-mode] AndroidManifest.xml:21:17-76
86                android:value="Needed to keep app alive to be able to receive messages and calls from third party SIP servers for which push notifications aren&apos;t available" />
86-->[:anuradev-capacitor-background-mode] AndroidManifest.xml:22:17-178
87        </service>
88
89        <receiver android:name="io.ionic.backgroundrunner.plugin.api.TimedNotificationPublisher" />
89-->[:capacitor-background-runner] AndroidManifest.xml:15:9-100
89-->[:capacitor-background-runner] AndroidManifest.xml:15:19-97
90        <receiver android:name="com.capacitorjs.plugins.localnotifications.TimedNotificationPublisher" />
90-->[:capacitor-local-notifications] AndroidManifest.xml:12:9-106
90-->[:capacitor-local-notifications] AndroidManifest.xml:12:19-103
91        <receiver android:name="com.capacitorjs.plugins.localnotifications.NotificationDismissReceiver" />
91-->[:capacitor-local-notifications] AndroidManifest.xml:13:9-107
91-->[:capacitor-local-notifications] AndroidManifest.xml:13:19-104
92        <receiver
92-->[:capacitor-local-notifications] AndroidManifest.xml:14:9-23:20
93            android:name="com.capacitorjs.plugins.localnotifications.LocalNotificationRestoreReceiver"
93-->[:capacitor-local-notifications] AndroidManifest.xml:15:13-103
94            android:directBootAware="true"
94-->[:capacitor-local-notifications] AndroidManifest.xml:16:13-43
95            android:exported="false" >
95-->[:capacitor-local-notifications] AndroidManifest.xml:17:13-37
96            <intent-filter>
96-->[:capacitor-local-notifications] AndroidManifest.xml:18:13-22:29
97                <action android:name="android.intent.action.LOCKED_BOOT_COMPLETED" />
97-->[:capacitor-local-notifications] AndroidManifest.xml:19:17-86
97-->[:capacitor-local-notifications] AndroidManifest.xml:19:25-83
98                <action android:name="android.intent.action.BOOT_COMPLETED" />
98-->[:capacitor-local-notifications] AndroidManifest.xml:20:17-79
98-->[:capacitor-local-notifications] AndroidManifest.xml:20:25-76
99                <action android:name="android.intent.action.QUICKBOOT_POWERON" />
99-->[:capacitor-local-notifications] AndroidManifest.xml:21:17-82
99-->[:capacitor-local-notifications] AndroidManifest.xml:21:25-79
100            </intent-filter>
101        </receiver>
102
103        <provider
103-->[androidx.emoji2:emoji2:1.3.0] AndroidManifest.xml:24:9-32:20
104            android:name="androidx.startup.InitializationProvider"
104-->[androidx.emoji2:emoji2:1.3.0] AndroidManifest.xml:25:13-67
105            android:authorities="com.sensoryGuard.www.androidx-startup"
105-->[androidx.emoji2:emoji2:1.3.0] AndroidManifest.xml:26:13-68
106            android:exported="false" >
106-->[androidx.emoji2:emoji2:1.3.0] AndroidManifest.xml:27:13-37
107            <meta-data
107-->[androidx.emoji2:emoji2:1.3.0] AndroidManifest.xml:29:13-31:52
108                android:name="androidx.emoji2.text.EmojiCompatInitializer"
108-->[androidx.emoji2:emoji2:1.3.0] AndroidManifest.xml:30:17-75
109                android:value="androidx.startup" />
109-->[androidx.emoji2:emoji2:1.3.0] AndroidManifest.xml:31:17-49
110            <meta-data
110-->[androidx.work:work-runtime:2.8.1] AndroidManifest.xml:34:13-36:52
111                android:name="androidx.work.WorkManagerInitializer"
111-->[androidx.work:work-runtime:2.8.1] AndroidManifest.xml:35:17-68
112                android:value="androidx.startup" />
112-->[androidx.work:work-runtime:2.8.1] AndroidManifest.xml:36:17-49
113            <meta-data
113-->[androidx.lifecycle:lifecycle-process:2.6.2] AndroidManifest.xml:29:13-31:52
114                android:name="androidx.lifecycle.ProcessLifecycleInitializer"
114-->[androidx.lifecycle:lifecycle-process:2.6.2] AndroidManifest.xml:30:17-78
115                android:value="androidx.startup" />
115-->[androidx.lifecycle:lifecycle-process:2.6.2] AndroidManifest.xml:31:17-49
116            <meta-data
116-->[androidx.profileinstaller:profileinstaller:1.3.1] AndroidManifest.xml:29:13-31:52
117                android:name="androidx.profileinstaller.ProfileInstallerInitializer"
117-->[androidx.profileinstaller:profileinstaller:1.3.1] AndroidManifest.xml:30:17-85
118                android:value="androidx.startup" />
118-->[androidx.profileinstaller:profileinstaller:1.3.1] AndroidManifest.xml:31:17-49
119        </provider>
120
121        <service
121-->[androidx.work:work-runtime:2.8.1] AndroidManifest.xml:39:9-45:35
122            android:name="androidx.work.impl.background.systemalarm.SystemAlarmService"
122-->[androidx.work:work-runtime:2.8.1] AndroidManifest.xml:40:13-88
123            android:directBootAware="false"
123-->[androidx.work:work-runtime:2.8.1] AndroidManifest.xml:41:13-44
124            android:enabled="@bool/enable_system_alarm_service_default"
124-->[androidx.work:work-runtime:2.8.1] AndroidManifest.xml:42:13-72
125            android:exported="false" />
125-->[androidx.work:work-runtime:2.8.1] AndroidManifest.xml:43:13-37
126        <service
126-->[androidx.work:work-runtime:2.8.1] AndroidManifest.xml:46:9-52:35
127            android:name="androidx.work.impl.background.systemjob.SystemJobService"
127-->[androidx.work:work-runtime:2.8.1] AndroidManifest.xml:47:13-84
128            android:directBootAware="false"
128-->[androidx.work:work-runtime:2.8.1] AndroidManifest.xml:48:13-44
129            android:enabled="@bool/enable_system_job_service_default"
129-->[androidx.work:work-runtime:2.8.1] AndroidManifest.xml:49:13-70
130            android:exported="true"
130-->[androidx.work:work-runtime:2.8.1] AndroidManifest.xml:50:13-36
131            android:permission="android.permission.BIND_JOB_SERVICE" />
131-->[androidx.work:work-runtime:2.8.1] AndroidManifest.xml:51:13-69
132        <service
132-->[androidx.work:work-runtime:2.8.1] AndroidManifest.xml:53:9-59:35
133            android:name="androidx.work.impl.foreground.SystemForegroundService"
133-->[androidx.work:work-runtime:2.8.1] AndroidManifest.xml:54:13-81
134            android:directBootAware="false"
134-->[androidx.work:work-runtime:2.8.1] AndroidManifest.xml:55:13-44
135            android:enabled="@bool/enable_system_foreground_service_default"
135-->[androidx.work:work-runtime:2.8.1] AndroidManifest.xml:56:13-77
136            android:exported="false" />
136-->[androidx.work:work-runtime:2.8.1] AndroidManifest.xml:57:13-37
137
138        <receiver
138-->[androidx.work:work-runtime:2.8.1] AndroidManifest.xml:61:9-66:35
139            android:name="androidx.work.impl.utils.ForceStopRunnable$BroadcastReceiver"
139-->[androidx.work:work-runtime:2.8.1] AndroidManifest.xml:62:13-88
140            android:directBootAware="false"
140-->[androidx.work:work-runtime:2.8.1] AndroidManifest.xml:63:13-44
141            android:enabled="true"
141-->[androidx.work:work-runtime:2.8.1] AndroidManifest.xml:64:13-35
142            android:exported="false" />
142-->[androidx.work:work-runtime:2.8.1] AndroidManifest.xml:65:13-37
143        <receiver
143-->[androidx.work:work-runtime:2.8.1] AndroidManifest.xml:67:9-77:20
144            android:name="androidx.work.impl.background.systemalarm.ConstraintProxy$BatteryChargingProxy"
144-->[androidx.work:work-runtime:2.8.1] AndroidManifest.xml:68:13-106
145            android:directBootAware="false"
145-->[androidx.work:work-runtime:2.8.1] AndroidManifest.xml:69:13-44
146            android:enabled="false"
146-->[androidx.work:work-runtime:2.8.1] AndroidManifest.xml:70:13-36
147            android:exported="false" >
147-->[androidx.work:work-runtime:2.8.1] AndroidManifest.xml:71:13-37
148            <intent-filter>
148-->[androidx.work:work-runtime:2.8.1] AndroidManifest.xml:73:13-76:29
149                <action android:name="android.intent.action.ACTION_POWER_CONNECTED" />
149-->[androidx.work:work-runtime:2.8.1] AndroidManifest.xml:74:17-87
149-->[androidx.work:work-runtime:2.8.1] AndroidManifest.xml:74:25-84
150                <action android:name="android.intent.action.ACTION_POWER_DISCONNECTED" />
150-->[androidx.work:work-runtime:2.8.1] AndroidManifest.xml:75:17-90
150-->[androidx.work:work-runtime:2.8.1] AndroidManifest.xml:75:25-87
151            </intent-filter>
152        </receiver>
153        <receiver
153-->[androidx.work:work-runtime:2.8.1] AndroidManifest.xml:78:9-88:20
154            android:name="androidx.work.impl.background.systemalarm.ConstraintProxy$BatteryNotLowProxy"
154-->[androidx.work:work-runtime:2.8.1] AndroidManifest.xml:79:13-104
155            android:directBootAware="false"
155-->[androidx.work:work-runtime:2.8.1] AndroidManifest.xml:80:13-44
156            android:enabled="false"
156-->[androidx.work:work-runtime:2.8.1] AndroidManifest.xml:81:13-36
157            android:exported="false" >
157-->[androidx.work:work-runtime:2.8.1] AndroidManifest.xml:82:13-37
158            <intent-filter>
158-->[androidx.work:work-runtime:2.8.1] AndroidManifest.xml:84:13-87:29
159                <action android:name="android.intent.action.BATTERY_OKAY" />
159-->[androidx.work:work-runtime:2.8.1] AndroidManifest.xml:85:17-77
159-->[androidx.work:work-runtime:2.8.1] AndroidManifest.xml:85:25-74
160                <action android:name="android.intent.action.BATTERY_LOW" />
160-->[androidx.work:work-runtime:2.8.1] AndroidManifest.xml:86:17-76
160-->[androidx.work:work-runtime:2.8.1] AndroidManifest.xml:86:25-73
161            </intent-filter>
162        </receiver>
163        <receiver
163-->[androidx.work:work-runtime:2.8.1] AndroidManifest.xml:89:9-99:20
164            android:name="androidx.work.impl.background.systemalarm.ConstraintProxy$StorageNotLowProxy"
164-->[androidx.work:work-runtime:2.8.1] AndroidManifest.xml:90:13-104
165            android:directBootAware="false"
165-->[androidx.work:work-runtime:2.8.1] AndroidManifest.xml:91:13-44
166            android:enabled="false"
166-->[androidx.work:work-runtime:2.8.1] AndroidManifest.xml:92:13-36
167            android:exported="false" >
167-->[androidx.work:work-runtime:2.8.1] AndroidManifest.xml:93:13-37
168            <intent-filter>
168-->[androidx.work:work-runtime:2.8.1] AndroidManifest.xml:95:13-98:29
169                <action android:name="android.intent.action.DEVICE_STORAGE_LOW" />
169-->[androidx.work:work-runtime:2.8.1] AndroidManifest.xml:96:17-83
169-->[androidx.work:work-runtime:2.8.1] AndroidManifest.xml:96:25-80
170                <action android:name="android.intent.action.DEVICE_STORAGE_OK" />
170-->[androidx.work:work-runtime:2.8.1] AndroidManifest.xml:97:17-82
170-->[androidx.work:work-runtime:2.8.1] AndroidManifest.xml:97:25-79
171            </intent-filter>
172        </receiver>
173        <receiver
173-->[androidx.work:work-runtime:2.8.1] AndroidManifest.xml:100:9-109:20
174            android:name="androidx.work.impl.background.systemalarm.ConstraintProxy$NetworkStateProxy"
174-->[androidx.work:work-runtime:2.8.1] AndroidManifest.xml:101:13-103
175            android:directBootAware="false"
175-->[androidx.work:work-runtime:2.8.1] AndroidManifest.xml:102:13-44
176            android:enabled="false"
176-->[androidx.work:work-runtime:2.8.1] AndroidManifest.xml:103:13-36
177            android:exported="false" >
177-->[androidx.work:work-runtime:2.8.1] AndroidManifest.xml:104:13-37
178            <intent-filter>
178-->[androidx.work:work-runtime:2.8.1] AndroidManifest.xml:106:13-108:29
179                <action android:name="android.net.conn.CONNECTIVITY_CHANGE" />
179-->[androidx.work:work-runtime:2.8.1] AndroidManifest.xml:107:17-79
179-->[androidx.work:work-runtime:2.8.1] AndroidManifest.xml:107:25-76
180            </intent-filter>
181        </receiver>
182        <receiver
182-->[androidx.work:work-runtime:2.8.1] AndroidManifest.xml:110:9-121:20
183            android:name="androidx.work.impl.background.systemalarm.RescheduleReceiver"
183-->[androidx.work:work-runtime:2.8.1] AndroidManifest.xml:111:13-88
184            android:directBootAware="false"
184-->[androidx.work:work-runtime:2.8.1] AndroidManifest.xml:112:13-44
185            android:enabled="false"
185-->[androidx.work:work-runtime:2.8.1] AndroidManifest.xml:113:13-36
186            android:exported="false" >
186-->[androidx.work:work-runtime:2.8.1] AndroidManifest.xml:114:13-37
187            <intent-filter>
187-->[androidx.work:work-runtime:2.8.1] AndroidManifest.xml:116:13-120:29
188                <action android:name="android.intent.action.BOOT_COMPLETED" />
188-->[:capacitor-local-notifications] AndroidManifest.xml:20:17-79
188-->[:capacitor-local-notifications] AndroidManifest.xml:20:25-76
189                <action android:name="android.intent.action.TIME_SET" />
189-->[androidx.work:work-runtime:2.8.1] AndroidManifest.xml:118:17-73
189-->[androidx.work:work-runtime:2.8.1] AndroidManifest.xml:118:25-70
190                <action android:name="android.intent.action.TIMEZONE_CHANGED" />
190-->[androidx.work:work-runtime:2.8.1] AndroidManifest.xml:119:17-81
190-->[androidx.work:work-runtime:2.8.1] AndroidManifest.xml:119:25-78
191            </intent-filter>
192        </receiver>
193        <receiver
193-->[androidx.work:work-runtime:2.8.1] AndroidManifest.xml:122:9-131:20
194            android:name="androidx.work.impl.background.systemalarm.ConstraintProxyUpdateReceiver"
194-->[androidx.work:work-runtime:2.8.1] AndroidManifest.xml:123:13-99
195            android:directBootAware="false"
195-->[androidx.work:work-runtime:2.8.1] AndroidManifest.xml:124:13-44
196            android:enabled="@bool/enable_system_alarm_service_default"
196-->[androidx.work:work-runtime:2.8.1] AndroidManifest.xml:125:13-72
197            android:exported="false" >
197-->[androidx.work:work-runtime:2.8.1] AndroidManifest.xml:126:13-37
198            <intent-filter>
198-->[androidx.work:work-runtime:2.8.1] AndroidManifest.xml:128:13-130:29
199                <action android:name="androidx.work.impl.background.systemalarm.UpdateProxies" />
199-->[androidx.work:work-runtime:2.8.1] AndroidManifest.xml:129:17-98
199-->[androidx.work:work-runtime:2.8.1] AndroidManifest.xml:129:25-95
200            </intent-filter>
201        </receiver>
202        <receiver
202-->[androidx.work:work-runtime:2.8.1] AndroidManifest.xml:132:9-142:20
203            android:name="androidx.work.impl.diagnostics.DiagnosticsReceiver"
203-->[androidx.work:work-runtime:2.8.1] AndroidManifest.xml:133:13-78
204            android:directBootAware="false"
204-->[androidx.work:work-runtime:2.8.1] AndroidManifest.xml:134:13-44
205            android:enabled="true"
205-->[androidx.work:work-runtime:2.8.1] AndroidManifest.xml:135:13-35
206            android:exported="true"
206-->[androidx.work:work-runtime:2.8.1] AndroidManifest.xml:136:13-36
207            android:permission="android.permission.DUMP" >
207-->[androidx.work:work-runtime:2.8.1] AndroidManifest.xml:137:13-57
208            <intent-filter>
208-->[androidx.work:work-runtime:2.8.1] AndroidManifest.xml:139:13-141:29
209                <action android:name="androidx.work.diagnostics.REQUEST_DIAGNOSTICS" />
209-->[androidx.work:work-runtime:2.8.1] AndroidManifest.xml:140:17-88
209-->[androidx.work:work-runtime:2.8.1] AndroidManifest.xml:140:25-85
210            </intent-filter>
211        </receiver>
212        <receiver
212-->[androidx.profileinstaller:profileinstaller:1.3.1] AndroidManifest.xml:34:9-52:20
213            android:name="androidx.profileinstaller.ProfileInstallReceiver"
213-->[androidx.profileinstaller:profileinstaller:1.3.1] AndroidManifest.xml:35:13-76
214            android:directBootAware="false"
214-->[androidx.profileinstaller:profileinstaller:1.3.1] AndroidManifest.xml:36:13-44
215            android:enabled="true"
215-->[androidx.profileinstaller:profileinstaller:1.3.1] AndroidManifest.xml:37:13-35
216            android:exported="true"
216-->[androidx.profileinstaller:profileinstaller:1.3.1] AndroidManifest.xml:38:13-36
217            android:permission="android.permission.DUMP" >
217-->[androidx.profileinstaller:profileinstaller:1.3.1] AndroidManifest.xml:39:13-57
218            <intent-filter>
218-->[androidx.profileinstaller:profileinstaller:1.3.1] AndroidManifest.xml:40:13-42:29
219                <action android:name="androidx.profileinstaller.action.INSTALL_PROFILE" />
219-->[androidx.profileinstaller:profileinstaller:1.3.1] AndroidManifest.xml:41:17-91
219-->[androidx.profileinstaller:profileinstaller:1.3.1] AndroidManifest.xml:41:25-88
220            </intent-filter>
221            <intent-filter>
221-->[androidx.profileinstaller:profileinstaller:1.3.1] AndroidManifest.xml:43:13-45:29
222                <action android:name="androidx.profileinstaller.action.SKIP_FILE" />
222-->[androidx.profileinstaller:profileinstaller:1.3.1] AndroidManifest.xml:44:17-85
222-->[androidx.profileinstaller:profileinstaller:1.3.1] AndroidManifest.xml:44:25-82
223            </intent-filter>
224            <intent-filter>
224-->[androidx.profileinstaller:profileinstaller:1.3.1] AndroidManifest.xml:46:13-48:29
225                <action android:name="androidx.profileinstaller.action.SAVE_PROFILE" />
225-->[androidx.profileinstaller:profileinstaller:1.3.1] AndroidManifest.xml:47:17-88
225-->[androidx.profileinstaller:profileinstaller:1.3.1] AndroidManifest.xml:47:25-85
226            </intent-filter>
227            <intent-filter>
227-->[androidx.profileinstaller:profileinstaller:1.3.1] AndroidManifest.xml:49:13-51:29
228                <action android:name="androidx.profileinstaller.action.BENCHMARK_OPERATION" />
228-->[androidx.profileinstaller:profileinstaller:1.3.1] AndroidManifest.xml:50:17-95
228-->[androidx.profileinstaller:profileinstaller:1.3.1] AndroidManifest.xml:50:25-92
229            </intent-filter>
230        </receiver>
231
232        <service
232-->[androidx.room:room-runtime:2.5.0] AndroidManifest.xml:24:9-28:63
233            android:name="androidx.room.MultiInstanceInvalidationService"
233-->[androidx.room:room-runtime:2.5.0] AndroidManifest.xml:25:13-74
234            android:directBootAware="true"
234-->[androidx.room:room-runtime:2.5.0] AndroidManifest.xml:26:13-43
235            android:exported="false" />
235-->[androidx.room:room-runtime:2.5.0] AndroidManifest.xml:27:13-37
236    </application>
237
238</manifest>